2024-05-22 04:30:24 - fr.univrouen.cv24v1.Application - INFO - Starting Application using Java 17.0.10 with PID 28720 (/home/rayene/Documents/XMLProject/target/classes started by rayene in /home/rayene/Documents/XMLProject)
2024-05-22 04:30:24 - fr.univrouen.cv24v1.Application - DEBUG - Running with Spring Boot v3.2.3, Spring v6.1.4
2024-05-22 04:30:24 - fr.univrouen.cv24v1.Application - INFO - No active profile set, falling back to 1 default profile: "default"
2024-05-22 04:30:25 - o.s.d.r.c.RepositoryConfigurationDelegate - INFO - Bootstrapping Spring Data MongoDB repositories in DEFAULT mode.
2024-05-22 04:30:25 - o.s.d.r.c.RepositoryConfigurationDelegate - INFO - Finished Spring Data repository scanning in 33 ms. Found 1 MongoDB repository interface.
2024-05-22 04:30:25 - o.s.b.w.e.tomcat.TomcatWebServer - INFO - Tomcat initialized with port 8080 (http)
2024-05-22 04:30:25 - o.a.coyote.http11.Http11NioProtocol - INFO - Initializing ProtocolHandler ["http-nio-8080"]
2024-05-22 04:30:25 - o.a.catalina.core.StandardService - INFO - Starting service [Tomcat]
2024-05-22 04:30:25 - o.a.catalina.core.StandardEngine - INFO - Starting Servlet engine: [Apache Tomcat/10.1.19]
2024-05-22 04:30:25 - o.a.c.c.C.[Tomcat].[localhost].[/] - INFO - Initializing Spring embedded WebApplicationContext
2024-05-22 04:30:25 - o.s.b.w.s.c.ServletWebServerApplicationContext - INFO - Root WebApplicationContext: initialization completed in 802 ms
2024-05-22 04:30:25 - org.mongodb.driver.client - INFO - MongoClient with metadata {"driver": {"name": "mongo-java-driver|sync|spring-boot", "version": "4.11.1"}, "os": {"type": "Linux", "name": "Linux", "architecture": "amd64", "version": "6.5.0-35-generic"}, "platform": "Java/Oracle Corporation/17.0.10+11-LTS-240"} created with settings MongoClientSettings{readPreference=primary, writeConcern=WriteConcern{w=null, wTimeout=null ms, journal=null}, retryWrites=true, retryReads=true, readConcern=ReadConcern{level=null}, credential=null, transportSettings=null, streamFactoryFactory=null, commandListeners=[], codecRegistry=ProvidersCodecRegistry{codecProviders=[ValueCodecProvider{}, BsonValueCodecProvider{}, DBRefCodecProvider{}, DBObjectCodecProvider{}, DocumentCodecProvider{}, CollectionCodecProvider{}, IterableCodecProvider{}, MapCodecProvider{}, GeoJsonCodecProvider{}, GridFSFileCodecProvider{}, Jsr310CodecProvider{}, JsonObjectCodecProvider{}, BsonCodecProvider{}, EnumCodecProvider{}, com.mongodb.client.model.mql.ExpressionCodecProvider@13c8ac77, com.mongodb.Jep395RecordCodecProvider@4bdf, com.mongodb.KotlinCodecProvider@4cad79bc]}, loggerSettings=LoggerSettings{maxDocumentLength=1000}, clusterSettings={hosts=[localhost:27017], srvServiceName=mongodb, mode=SINGLE, requiredClusterType=UNKNOWN, requiredReplicaSetName='null', serverSelector='null', clusterListeners='[]', serverSelectionTimeout='30000 ms', localThreshold='15 ms'}, socketSettings=SocketSettings{connectTimeoutMS=10000, readTimeoutMS=0, receiveBufferSize=0, proxySettings=ProxySettings{host=null, port=null, username=null, password=null}}, heartbeatSocketSettings=SocketSettings{connectTimeoutMS=10000, readTimeoutMS=10000, receiveBufferSize=0, proxySettings=ProxySettings{host=null, port=null, username=null, password=null}}, connectionPoolSettings=ConnectionPoolSettings{maxSize=100, minSize=0, maxWaitTimeMS=120000, maxConnectionLifeTimeMS=0, maxConnectionIdleTimeMS=0, maintenanceInitialDelayMS=0, maintenanceFrequencyMS=60000, connectionPoolListeners=[], maxConnecting=2}, serverSettings=ServerSettings{heartbeatFrequencyMS=10000, minHeartbeatFrequencyMS=500, serverListeners='[]', serverMonitorListeners='[]'}, sslSettings=SslSettings{enabled=false, invalidHostNameAllowed=false, context=null}, applicationName='null', compressorList=[], uuidRepresentation=JAVA_LEGACY, serverApi=null, autoEncryptionSettings=null, dnsClient=null, inetAddressResolver=null, contextProvider=null}
2024-05-22 04:30:25 - org.mongodb.driver.cluster - INFO - Monitor thread successfully connected to server with description ServerDescription{address=localhost:27017, type=STANDALONE, state=CONNECTED, ok=true, minWireVersion=0, maxWireVersion=21, maxDocumentSize=16777216, logicalSessionTimeoutMinutes=30, roundTripTimeNanos=18989579}
2024-05-22 04:30:25 - o.s.b.a.w.s.WelcomePageHandlerMapping - INFO - Adding welcome page template: index
2024-05-22 04:30:26 - o.a.coyote.http11.Http11NioProtocol - INFO - Starting ProtocolHandler ["http-nio-8080"]
2024-05-22 04:30:26 - o.s.b.w.e.tomcat.TomcatWebServer - INFO - Tomcat started on port 8080 (http) with context path ''
2024-05-22 04:30:26 - fr.univrouen.cv24v1.Application - INFO - Started Application in 1.871 seconds (process running for 2.212)
2024-05-22 04:30:58 - o.a.c.c.C.[Tomcat].[localhost].[/] - INFO - Initializing Spring DispatcherServlet 'dispatcherServlet'
2024-05-22 04:30:58 - o.s.web.servlet.DispatcherServlet - INFO - Initializing Servlet 'dispatcherServlet'
2024-05-22 04:30:58 - o.s.web.servlet.DispatcherServlet - INFO - Completed initialization in 2 ms
2024-05-22 04:34:54 - f.u.c.XmlProjectApplicationTests - INFO - Starting XmlProjectApplicationTests using Java 17.0.10 with PID 29027 (started by rayene in /home/rayene/Documents/XMLProject)
2024-05-22 04:34:54 - f.u.c.XmlProjectApplicationTests - DEBUG - Running with Spring Boot v3.2.3, Spring v6.1.4
2024-05-22 04:34:54 - f.u.c.XmlProjectApplicationTests - INFO - No active profile set, falling back to 1 default profile: "default"
2024-05-22 04:34:55 - o.s.d.r.c.RepositoryConfigurationDelegate - INFO - Bootstrapping Spring Data MongoDB repositories in DEFAULT mode.
2024-05-22 04:34:55 - o.s.d.r.c.RepositoryConfigurationDelegate - INFO - Finished Spring Data repository scanning in 45 ms. Found 1 MongoDB repository interface.
2024-05-22 04:34:55 - org.mongodb.driver.client - INFO - MongoClient with metadata {"driver": {"name": "mongo-java-driver|sync|spring-boot", "version": "4.11.1"}, "os": {"type": "Linux", "name": "Linux", "architecture": "amd64", "version": "6.5.0-35-generic"}, "platform": "Java/Oracle Corporation/17.0.10+11-LTS-240"} created with settings MongoClientSettings{readPreference=primary, writeConcern=WriteConcern{w=null, wTimeout=null ms, journal=null}, retryWrites=true, retryReads=true, readConcern=ReadConcern{level=null}, credential=null, transportSettings=null, streamFactoryFactory=null, commandListeners=[], codecRegistry=ProvidersCodecRegistry{codecProviders=[ValueCodecProvider{}, BsonValueCodecProvider{}, DBRefCodecProvider{}, DBObjectCodecProvider{}, DocumentCodecProvider{}, CollectionCodecProvider{}, IterableCodecProvider{}, MapCodecProvider{}, GeoJsonCodecProvider{}, GridFSFileCodecProvider{}, Jsr310CodecProvider{}, JsonObjectCodecProvider{}, BsonCodecProvider{}, EnumCodecProvider{}, com.mongodb.client.model.mql.ExpressionCodecProvider@7499eac7, com.mongodb.Jep395RecordCodecProvider@5438c17a, com.mongodb.KotlinCodecProvider@b9d018b]}, loggerSettings=LoggerSettings{maxDocumentLength=1000}, clusterSettings={hosts=[localhost:27017], srvServiceName=mongodb, mode=SINGLE, requiredClusterType=UNKNOWN, requiredReplicaSetName='null', serverSelector='null', clusterListeners='[]', serverSelectionTimeout='30000 ms', localThreshold='15 ms'}, socketSettings=SocketSettings{connectTimeoutMS=10000, readTimeoutMS=0, receiveBufferSize=0, proxySettings=ProxySettings{host=null, port=null, username=null, password=null}}, heartbeatSocketSettings=SocketSettings{connectTimeoutMS=10000, readTimeoutMS=10000, receiveBufferSize=0, proxySettings=ProxySettings{host=null, port=null, username=null, password=null}}, connectionPoolSettings=ConnectionPoolSettings{maxSize=100, minSize=0, maxWaitTimeMS=120000, maxConnectionLifeTimeMS=0, maxConnectionIdleTimeMS=0, maintenanceInitialDelayMS=0, maintenanceFrequencyMS=60000, connectionPoolListeners=[], maxConnecting=2}, serverSettings=ServerSettings{heartbeatFrequencyMS=10000, minHeartbeatFrequencyMS=500, serverListeners='[]', serverMonitorListeners='[]'}, sslSettings=SslSettings{enabled=false, invalidHostNameAllowed=false, context=null}, applicationName='null', compressorList=[], uuidRepresentation=JAVA_LEGACY, serverApi=null, autoEncryptionSettings=null, dnsClient=null, inetAddressResolver=null, contextProvider=null}
2024-05-22 04:34:55 - org.mongodb.driver.cluster - INFO - Monitor thread successfully connected to server with description ServerDescription{address=localhost:27017, type=STANDALONE, state=CONNECTED, ok=true, minWireVersion=0, maxWireVersion=21, maxDocumentSize=16777216, logicalSessionTimeoutMinutes=30, roundTripTimeNanos=26473849}
2024-05-22 04:34:56 - o.s.b.a.w.s.WelcomePageHandlerMapping - INFO - Adding welcome page template: index
2024-05-22 04:34:56 - f.u.c.XmlProjectApplicationTests - INFO - Started XmlProjectApplicationTests in 2.602 seconds (process running for 3.505)
2024-05-22 04:35:20 - INFO  - fr.univrouen.cv24v1.Application - Starting Application using Java 17.0.10 with PID 29165 (/home/rayene/Documents/XMLProject/target/classes started by rayene in /home/rayene/Documents/XMLProject)
2024-05-22 04:35:20 - DEBUG - fr.univrouen.cv24v1.Application - Running with Spring Boot v3.2.3, Spring v6.1.4
2024-05-22 04:35:20 - INFO  - fr.univrouen.cv24v1.Application - No active profile set, falling back to 1 default profile: "default"
2024-05-22 04:35:20 - INFO  - o.s.d.r.c.RepositoryConfigurationDelegate - Bootstrapping Spring Data MongoDB repositories in DEFAULT mode.
2024-05-22 04:35:21 - INFO  - o.s.d.r.c.RepositoryConfigurationDelegate - Finished Spring Data repository scanning in 35 ms. Found 1 MongoDB repository interface.
2024-05-22 04:35:21 - INFO  - o.s.b.w.e.tomcat.TomcatWebServer - Tomcat initialized with port 8080 (http)
2024-05-22 04:35:21 - INFO  - o.a.coyote.http11.Http11NioProtocol - Initializing ProtocolHandler ["http-nio-8080"]
2024-05-22 04:35:21 - INFO  - o.a.catalina.core.StandardService - Starting service [Tomcat]
2024-05-22 04:35:21 - INFO  - o.a.catalina.core.StandardEngine - Starting Servlet engine: [Apache Tomcat/10.1.19]
2024-05-22 04:35:21 - INFO  - o.a.c.c.C.[Tomcat].[localhost].[/] - Initializing Spring embedded WebApplicationContext
2024-05-22 04:35:21 - INFO  - o.s.b.w.s.c.ServletWebServerApplicationContext - Root WebApplicationContext: initialization completed in 811 ms
2024-05-22 04:35:21 - INFO  - org.mongodb.driver.client - MongoClient with metadata {"driver": {"name": "mongo-java-driver|sync|spring-boot", "version": "4.11.1"}, "os": {"type": "Linux", "name": "Linux", "architecture": "amd64", "version": "6.5.0-35-generic"}, "platform": "Java/Oracle Corporation/17.0.10+11-LTS-240"} created with settings MongoClientSettings{readPreference=primary, writeConcern=WriteConcern{w=null, wTimeout=null ms, journal=null}, retryWrites=true, retryReads=true, readConcern=ReadConcern{level=null}, credential=null, transportSettings=null, streamFactoryFactory=null, commandListeners=[], codecRegistry=ProvidersCodecRegistry{codecProviders=[ValueCodecProvider{}, BsonValueCodecProvider{}, DBRefCodecProvider{}, DBObjectCodecProvider{}, DocumentCodecProvider{}, CollectionCodecProvider{}, IterableCodecProvider{}, MapCodecProvider{}, GeoJsonCodecProvider{}, GridFSFileCodecProvider{}, Jsr310CodecProvider{}, JsonObjectCodecProvider{}, BsonCodecProvider{}, EnumCodecProvider{}, com.mongodb.client.model.mql.ExpressionCodecProvider@2ead6ba4, com.mongodb.Jep395RecordCodecProvider@31a2a9fa, com.mongodb.KotlinCodecProvider@31b82e0f]}, loggerSettings=LoggerSettings{maxDocumentLength=1000}, clusterSettings={hosts=[localhost:27017], srvServiceName=mongodb, mode=SINGLE, requiredClusterType=UNKNOWN, requiredReplicaSetName='null', serverSelector='null', clusterListeners='[]', serverSelectionTimeout='30000 ms', localThreshold='15 ms'}, socketSettings=SocketSettings{connectTimeoutMS=10000, readTimeoutMS=0, receiveBufferSize=0, proxySettings=ProxySettings{host=null, port=null, username=null, password=null}}, heartbeatSocketSettings=SocketSettings{connectTimeoutMS=10000, readTimeoutMS=10000, receiveBufferSize=0, proxySettings=ProxySettings{host=null, port=null, username=null, password=null}}, connectionPoolSettings=ConnectionPoolSettings{maxSize=100, minSize=0, maxWaitTimeMS=120000, maxConnectionLifeTimeMS=0, maxConnectionIdleTimeMS=0, maintenanceInitialDelayMS=0, maintenanceFrequencyMS=60000, connectionPoolListeners=[], maxConnecting=2}, serverSettings=ServerSettings{heartbeatFrequencyMS=10000, minHeartbeatFrequencyMS=500, serverListeners='[]', serverMonitorListeners='[]'}, sslSettings=SslSettings{enabled=false, invalidHostNameAllowed=false, context=null}, applicationName='null', compressorList=[], uuidRepresentation=JAVA_LEGACY, serverApi=null, autoEncryptionSettings=null, dnsClient=null, inetAddressResolver=null, contextProvider=null}
2024-05-22 04:35:21 - INFO  - org.mongodb.driver.cluster - Monitor thread successfully connected to server with description ServerDescription{address=localhost:27017, type=STANDALONE, state=CONNECTED, ok=true, minWireVersion=0, maxWireVersion=21, maxDocumentSize=16777216, logicalSessionTimeoutMinutes=30, roundTripTimeNanos=21442888}
2024-05-22 04:35:21 - INFO  - o.s.b.a.w.s.WelcomePageHandlerMapping - Adding welcome page template: index
2024-05-22 04:35:21 - INFO  - o.a.coyote.http11.Http11NioProtocol - Starting ProtocolHandler ["http-nio-8080"]
2024-05-22 04:35:21 - INFO  - o.s.b.w.e.tomcat.TomcatWebServer - Tomcat started on port 8080 (http) with context path ''
2024-05-22 04:35:21 - INFO  - fr.univrouen.cv24v1.Application - Started Application in 1.883 seconds (process running for 2.122)
2024-05-22 04:38:20 - INFO  - o.a.c.c.C.[Tomcat].[localhost].[/] - Initializing Spring DispatcherServlet 'dispatcherServlet'
2024-05-22 04:38:20 - INFO  - o.s.web.servlet.DispatcherServlet - Initializing Servlet 'dispatcherServlet'
2024-05-22 04:38:20 - INFO  - o.s.web.servlet.DispatcherServlet - Completed initialization in 1 ms
2024-05-22 04:38:30 - INFO  - fr.univrouen.cv24v1.Application - Starting Application using Java 17.0.10 with PID 29409 (/home/rayene/Documents/XMLProject/target/classes started by rayene in /home/rayene/Documents/XMLProject)
2024-05-22 04:38:30 - DEBUG - fr.univrouen.cv24v1.Application - Running with Spring Boot v3.2.3, Spring v6.1.4
2024-05-22 04:38:30 - INFO  - fr.univrouen.cv24v1.Application - No active profile set, falling back to 1 default profile: "default"
2024-05-22 04:38:31 - INFO  - o.s.d.r.c.RepositoryConfigurationDelegate - Bootstrapping Spring Data MongoDB repositories in DEFAULT mode.
2024-05-22 04:38:31 - INFO  - o.s.d.r.c.RepositoryConfigurationDelegate - Finished Spring Data repository scanning in 34 ms. Found 1 MongoDB repository interface.
2024-05-22 04:38:31 - INFO  - o.s.b.w.e.tomcat.TomcatWebServer - Tomcat initialized with port 8080 (http)
2024-05-22 04:38:31 - INFO  - o.a.coyote.http11.Http11NioProtocol - Initializing ProtocolHandler ["http-nio-8080"]
2024-05-22 04:38:31 - INFO  - o.a.catalina.core.StandardService - Starting service [Tomcat]
2024-05-22 04:38:31 - INFO  - o.a.catalina.core.StandardEngine - Starting Servlet engine: [Apache Tomcat/10.1.19]
2024-05-22 04:38:31 - INFO  - o.a.c.c.C.[Tomcat].[localhost].[/] - Initializing Spring embedded WebApplicationContext
2024-05-22 04:38:31 - INFO  - o.s.b.w.s.c.ServletWebServerApplicationContext - Root WebApplicationContext: initialization completed in 813 ms
2024-05-22 04:38:31 - INFO  - org.mongodb.driver.client - MongoClient with metadata {"driver": {"name": "mongo-java-driver|sync|spring-boot", "version": "4.11.1"}, "os": {"type": "Linux", "name": "Linux", "architecture": "amd64", "version": "6.5.0-35-generic"}, "platform": "Java/Oracle Corporation/17.0.10+11-LTS-240"} created with settings MongoClientSettings{readPreference=primary, writeConcern=WriteConcern{w=null, wTimeout=null ms, journal=null}, retryWrites=true, retryReads=true, readConcern=ReadConcern{level=null}, credential=null, transportSettings=null, streamFactoryFactory=null, commandListeners=[], codecRegistry=ProvidersCodecRegistry{codecProviders=[ValueCodecProvider{}, BsonValueCodecProvider{}, DBRefCodecProvider{}, DBObjectCodecProvider{}, DocumentCodecProvider{}, CollectionCodecProvider{}, IterableCodecProvider{}, MapCodecProvider{}, GeoJsonCodecProvider{}, GridFSFileCodecProvider{}, Jsr310CodecProvider{}, JsonObjectCodecProvider{}, BsonCodecProvider{}, EnumCodecProvider{}, com.mongodb.client.model.mql.ExpressionCodecProvider@7885776b, com.mongodb.Jep395RecordCodecProvider@497d4c96, com.mongodb.KotlinCodecProvider@3472947a]}, loggerSettings=LoggerSettings{maxDocumentLength=1000}, clusterSettings={hosts=[localhost:27017], srvServiceName=mongodb, mode=SINGLE, requiredClusterType=UNKNOWN, requiredReplicaSetName='null', serverSelector='null', clusterListeners='[]', serverSelectionTimeout='30000 ms', localThreshold='15 ms'}, socketSettings=SocketSettings{connectTimeoutMS=10000, readTimeoutMS=0, receiveBufferSize=0, proxySettings=ProxySettings{host=null, port=null, username=null, password=null}}, heartbeatSocketSettings=SocketSettings{connectTimeoutMS=10000, readTimeoutMS=10000, receiveBufferSize=0, proxySettings=ProxySettings{host=null, port=null, username=null, password=null}}, connectionPoolSettings=ConnectionPoolSettings{maxSize=100, minSize=0, maxWaitTimeMS=120000, maxConnectionLifeTimeMS=0, maxConnectionIdleTimeMS=0, maintenanceInitialDelayMS=0, maintenanceFrequencyMS=60000, connectionPoolListeners=[], maxConnecting=2}, serverSettings=ServerSettings{heartbeatFrequencyMS=10000, minHeartbeatFrequencyMS=500, serverListeners='[]', serverMonitorListeners='[]'}, sslSettings=SslSettings{enabled=false, invalidHostNameAllowed=false, context=null}, applicationName='null', compressorList=[], uuidRepresentation=JAVA_LEGACY, serverApi=null, autoEncryptionSettings=null, dnsClient=null, inetAddressResolver=null, contextProvider=null}
2024-05-22 04:38:31 - INFO  - org.mongodb.driver.cluster - Monitor thread successfully connected to server with description ServerDescription{address=localhost:27017, type=STANDALONE, state=CONNECTED, ok=true, minWireVersion=0, maxWireVersion=21, maxDocumentSize=16777216, logicalSessionTimeoutMinutes=30, roundTripTimeNanos=22644370}
2024-05-22 04:38:32 - INFO  - o.s.b.a.w.s.WelcomePageHandlerMapping - Adding welcome page template: index
2024-05-22 04:38:32 - INFO  - o.a.coyote.http11.Http11NioProtocol - Starting ProtocolHandler ["http-nio-8080"]
2024-05-22 04:38:32 - INFO  - o.s.b.w.e.tomcat.TomcatWebServer - Tomcat started on port 8080 (http) with context path ''
2024-05-22 04:38:32 - INFO  - fr.univrouen.cv24v1.Application - Started Application in 1.886 seconds (process running for 2.111)
2024-05-22 04:38:35 - INFO  - o.a.c.c.C.[Tomcat].[localhost].[/] - Initializing Spring DispatcherServlet 'dispatcherServlet'
2024-05-22 04:38:35 - INFO  - o.s.web.servlet.DispatcherServlet - Initializing Servlet 'dispatcherServlet'
2024-05-22 04:38:35 - INFO  - o.s.web.servlet.DispatcherServlet - Completed initialization in 1 ms
2024-05-22 04:38:41 - WARN  - o.t.s.p.AbstractStandardFragmentInsertionTagProcessor - [THYMELEAF][http-nio-8080-exec-2][index] Deprecated unwrapped fragment expression "fragments/navbar :: .navbar" found in template index, line 23, col 6. Please use the complete syntax of fragment expressions instead ("~{fragments/navbar :: .navbar}"). The old, unwrapped syntax for fragment expressions will be removed in future versions of Thymeleaf.
2024-05-22 04:38:43 - WARN  - o.t.s.p.AbstractStandardFragmentInsertionTagProcessor - [THYMELEAF][http-nio-8080-exec-3][aide] Deprecated unwrapped fragment expression "fragments/navbar :: .navbar" found in template aide, line 32, col 6. Please use the complete syntax of fragment expressions instead ("~{fragments/navbar :: .navbar}"). The old, unwrapped syntax for fragment expressions will be removed in future versions of Thymeleaf.
2024-05-22 04:38:57 - WARN  - o.t.s.p.AbstractStandardFragmentInsertionTagProcessor - [THYMELEAF][http-nio-8080-exec-2][aide] Deprecated unwrapped fragment expression "fragments/navbar :: .navbar" found in template aide, line 32, col 6. Please use the complete syntax of fragment expressions instead ("~{fragments/navbar :: .navbar}"). The old, unwrapped syntax for fragment expressions will be removed in future versions of Thymeleaf.
2024-05-22 04:39:00 - WARN  - o.t.s.p.AbstractStandardFragmentInsertionTagProcessor - [THYMELEAF][http-nio-8080-exec-3][index] Deprecated unwrapped fragment expression "fragments/navbar :: .navbar" found in template index, line 23, col 6. Please use the complete syntax of fragment expressions instead ("~{fragments/navbar :: .navbar}"). The old, unwrapped syntax for fragment expressions will be removed in future versions of Thymeleaf.
2024-05-22 04:39:36 - INFO  - fr.univrouen.cv24v1.Application - Starting Application using Java 17.0.10 with PID 29553 (/home/rayene/Documents/XMLProject/target/classes started by rayene in /home/rayene/Documents/XMLProject)
2024-05-22 04:39:36 - DEBUG - fr.univrouen.cv24v1.Application - Running with Spring Boot v3.2.3, Spring v6.1.4
2024-05-22 04:39:36 - INFO  - fr.univrouen.cv24v1.Application - No active profile set, falling back to 1 default profile: "default"
2024-05-22 04:39:36 - INFO  - o.s.d.r.c.RepositoryConfigurationDelegate - Bootstrapping Spring Data MongoDB repositories in DEFAULT mode.
2024-05-22 04:39:36 - INFO  - o.s.d.r.c.RepositoryConfigurationDelegate - Finished Spring Data repository scanning in 35 ms. Found 1 MongoDB repository interface.
2024-05-22 04:39:37 - INFO  - o.s.b.w.e.tomcat.TomcatWebServer - Tomcat initialized with port 8080 (http)
2024-05-22 04:39:37 - INFO  - o.a.coyote.http11.Http11NioProtocol - Initializing ProtocolHandler ["http-nio-8080"]
2024-05-22 04:39:37 - INFO  - o.a.catalina.core.StandardService - Starting service [Tomcat]
2024-05-22 04:39:37 - INFO  - o.a.catalina.core.StandardEngine - Starting Servlet engine: [Apache Tomcat/10.1.19]
2024-05-22 04:39:37 - INFO  - o.a.c.c.C.[Tomcat].[localhost].[/] - Initializing Spring embedded WebApplicationContext
2024-05-22 04:39:37 - INFO  - o.s.b.w.s.c.ServletWebServerApplicationContext - Root WebApplicationContext: initialization completed in 867 ms
2024-05-22 04:39:37 - INFO  - org.mongodb.driver.client - MongoClient with metadata {"driver": {"name": "mongo-java-driver|sync|spring-boot", "version": "4.11.1"}, "os": {"type": "Linux", "name": "Linux", "architecture": "amd64", "version": "6.5.0-35-generic"}, "platform": "Java/Oracle Corporation/17.0.10+11-LTS-240"} created with settings MongoClientSettings{readPreference=primary, writeConcern=WriteConcern{w=null, wTimeout=null ms, journal=null}, retryWrites=true, retryReads=true, readConcern=ReadConcern{level=null}, credential=null, transportSettings=null, streamFactoryFactory=null, commandListeners=[], codecRegistry=ProvidersCodecRegistry{codecProviders=[ValueCodecProvider{}, BsonValueCodecProvider{}, DBRefCodecProvider{}, DBObjectCodecProvider{}, DocumentCodecProvider{}, CollectionCodecProvider{}, IterableCodecProvider{}, MapCodecProvider{}, GeoJsonCodecProvider{}, GridFSFileCodecProvider{}, Jsr310CodecProvider{}, JsonObjectCodecProvider{}, BsonCodecProvider{}, EnumCodecProvider{}, com.mongodb.client.model.mql.ExpressionCodecProvider@1984212d, com.mongodb.Jep395RecordCodecProvider@39f5b723, com.mongodb.KotlinCodecProvider@4eaa375c]}, loggerSettings=LoggerSettings{maxDocumentLength=1000}, clusterSettings={hosts=[localhost:27017], srvServiceName=mongodb, mode=SINGLE, requiredClusterType=UNKNOWN, requiredReplicaSetName='null', serverSelector='null', clusterListeners='[]', serverSelectionTimeout='30000 ms', localThreshold='15 ms'}, socketSettings=SocketSettings{connectTimeoutMS=10000, readTimeoutMS=0, receiveBufferSize=0, proxySettings=ProxySettings{host=null, port=null, username=null, password=null}}, heartbeatSocketSettings=SocketSettings{connectTimeoutMS=10000, readTimeoutMS=10000, receiveBufferSize=0, proxySettings=ProxySettings{host=null, port=null, username=null, password=null}}, connectionPoolSettings=ConnectionPoolSettings{maxSize=100, minSize=0, maxWaitTimeMS=120000, maxConnectionLifeTimeMS=0, maxConnectionIdleTimeMS=0, maintenanceInitialDelayMS=0, maintenanceFrequencyMS=60000, connectionPoolListeners=[], maxConnecting=2}, serverSettings=ServerSettings{heartbeatFrequencyMS=10000, minHeartbeatFrequencyMS=500, serverListeners='[]', serverMonitorListeners='[]'}, sslSettings=SslSettings{enabled=false, invalidHostNameAllowed=false, context=null}, applicationName='null', compressorList=[], uuidRepresentation=JAVA_LEGACY, serverApi=null, autoEncryptionSettings=null, dnsClient=null, inetAddressResolver=null, contextProvider=null}
2024-05-22 04:39:37 - INFO  - org.mongodb.driver.cluster - Monitor thread successfully connected to server with description ServerDescription{address=localhost:27017, type=STANDALONE, state=CONNECTED, ok=true, minWireVersion=0, maxWireVersion=21, maxDocumentSize=16777216, logicalSessionTimeoutMinutes=30, roundTripTimeNanos=17720128}
2024-05-22 04:39:37 - INFO  - o.s.b.a.w.s.WelcomePageHandlerMapping - Adding welcome page template: index
2024-05-22 04:39:37 - INFO  - o.a.coyote.http11.Http11NioProtocol - Starting ProtocolHandler ["http-nio-8080"]
2024-05-22 04:39:37 - INFO  - o.s.b.w.e.tomcat.TomcatWebServer - Tomcat started on port 8080 (http) with context path ''
2024-05-22 04:39:37 - INFO  - fr.univrouen.cv24v1.Application - Started Application in 2.011 seconds (process running for 2.243)
2024-05-22 04:39:42 - INFO  - o.a.c.c.C.[Tomcat].[localhost].[/] - Initializing Spring DispatcherServlet 'dispatcherServlet'
2024-05-22 04:39:42 - INFO  - o.s.web.servlet.DispatcherServlet - Initializing Servlet 'dispatcherServlet'
2024-05-22 04:39:42 - INFO  - o.s.web.servlet.DispatcherServlet - Completed initialization in 1 ms
2024-05-22 04:39:43 - WARN  - o.t.s.p.AbstractStandardFragmentInsertionTagProcessor - [THYMELEAF][http-nio-8080-exec-1][index] Deprecated unwrapped fragment expression "fragments/navbar :: .navbar" found in template index, line 23, col 6. Please use the complete syntax of fragment expressions instead ("~{fragments/navbar :: .navbar}"). The old, unwrapped syntax for fragment expressions will be removed in future versions of Thymeleaf.
2024-05-22 04:39:44 - WARN  - o.t.s.p.AbstractStandardFragmentInsertionTagProcessor - [THYMELEAF][http-nio-8080-exec-2][aide] Deprecated unwrapped fragment expression "fragments/navbar :: .navbar" found in template aide, line 32, col 6. Please use the complete syntax of fragment expressions instead ("~{fragments/navbar :: .navbar}"). The old, unwrapped syntax for fragment expressions will be removed in future versions of Thymeleaf.
2024-05-22 04:41:22 - WARN  - o.t.s.p.AbstractStandardFragmentInsertionTagProcessor - [THYMELEAF][http-nio-8080-exec-9][index] Deprecated unwrapped fragment expression "fragments/navbar :: .navbar" found in template index, line 23, col 6. Please use the complete syntax of fragment expressions instead ("~{fragments/navbar :: .navbar}"). The old, unwrapped syntax for fragment expressions will be removed in future versions of Thymeleaf.
2024-05-22 04:42:29 - INFO  - fr.univrouen.cv24v1.Application - Starting Application using Java 17.0.10 with PID 29828 (/home/rayene/Documents/XMLProject/target/classes started by rayene in /home/rayene/Documents/XMLProject)
2024-05-22 04:42:29 - DEBUG - fr.univrouen.cv24v1.Application - Running with Spring Boot v3.2.3, Spring v6.1.4
2024-05-22 04:42:29 - INFO  - fr.univrouen.cv24v1.Application - No active profile set, falling back to 1 default profile: "default"
2024-05-22 04:42:30 - INFO  - o.s.d.r.c.RepositoryConfigurationDelegate - Bootstrapping Spring Data MongoDB repositories in DEFAULT mode.
2024-05-22 04:42:30 - INFO  - o.s.d.r.c.RepositoryConfigurationDelegate - Finished Spring Data repository scanning in 49 ms. Found 1 MongoDB repository interface.
2024-05-22 04:42:30 - INFO  - o.s.b.w.e.tomcat.TomcatWebServer - Tomcat initialized with port 8080 (http)
2024-05-22 04:42:30 - INFO  - o.a.coyote.http11.Http11NioProtocol - Initializing ProtocolHandler ["http-nio-8080"]
2024-05-22 04:42:30 - INFO  - o.a.catalina.core.StandardService - Starting service [Tomcat]
2024-05-22 04:42:30 - INFO  - o.a.catalina.core.StandardEngine - Starting Servlet engine: [Apache Tomcat/10.1.19]
2024-05-22 04:42:30 - INFO  - o.a.c.c.C.[Tomcat].[localhost].[/] - Initializing Spring embedded WebApplicationContext
2024-05-22 04:42:30 - INFO  - o.s.b.w.s.c.ServletWebServerApplicationContext - Root WebApplicationContext: initialization completed in 995 ms
2024-05-22 04:42:31 - INFO  - org.mongodb.driver.client - MongoClient with metadata {"driver": {"name": "mongo-java-driver|sync|spring-boot", "version": "4.11.1"}, "os": {"type": "Linux", "name": "Linux", "architecture": "amd64", "version": "6.5.0-35-generic"}, "platform": "Java/Oracle Corporation/17.0.10+11-LTS-240"} created with settings MongoClientSettings{readPreference=primary, writeConcern=WriteConcern{w=null, wTimeout=null ms, journal=null}, retryWrites=true, retryReads=true, readConcern=ReadConcern{level=null}, credential=null, transportSettings=null, streamFactoryFactory=null, commandListeners=[], codecRegistry=ProvidersCodecRegistry{codecProviders=[ValueCodecProvider{}, BsonValueCodecProvider{}, DBRefCodecProvider{}, DBObjectCodecProvider{}, DocumentCodecProvider{}, CollectionCodecProvider{}, IterableCodecProvider{}, MapCodecProvider{}, GeoJsonCodecProvider{}, GridFSFileCodecProvider{}, Jsr310CodecProvider{}, JsonObjectCodecProvider{}, BsonCodecProvider{}, EnumCodecProvider{}, com.mongodb.client.model.mql.ExpressionCodecProvider@31b82e0f, com.mongodb.Jep395RecordCodecProvider@27a09971, com.mongodb.KotlinCodecProvider@6215366a]}, loggerSettings=LoggerSettings{maxDocumentLength=1000}, clusterSettings={hosts=[localhost:27017], srvServiceName=mongodb, mode=SINGLE, requiredClusterType=UNKNOWN, requiredReplicaSetName='null', serverSelector='null', clusterListeners='[]', serverSelectionTimeout='30000 ms', localThreshold='15 ms'}, socketSettings=SocketSettings{connectTimeoutMS=10000, readTimeoutMS=0, receiveBufferSize=0, proxySettings=ProxySettings{host=null, port=null, username=null, password=null}}, heartbeatSocketSettings=SocketSettings{connectTimeoutMS=10000, readTimeoutMS=10000, receiveBufferSize=0, proxySettings=ProxySettings{host=null, port=null, username=null, password=null}}, connectionPoolSettings=ConnectionPoolSettings{maxSize=100, minSize=0, maxWaitTimeMS=120000, maxConnectionLifeTimeMS=0, maxConnectionIdleTimeMS=0, maintenanceInitialDelayMS=0, maintenanceFrequencyMS=60000, connectionPoolListeners=[], maxConnecting=2}, serverSettings=ServerSettings{heartbeatFrequencyMS=10000, minHeartbeatFrequencyMS=500, serverListeners='[]', serverMonitorListeners='[]'}, sslSettings=SslSettings{enabled=false, invalidHostNameAllowed=false, context=null}, applicationName='null', compressorList=[], uuidRepresentation=JAVA_LEGACY, serverApi=null, autoEncryptionSettings=null, dnsClient=null, inetAddressResolver=null, contextProvider=null}
2024-05-22 04:42:31 - INFO  - org.mongodb.driver.cluster - Monitor thread successfully connected to server with description ServerDescription{address=localhost:27017, type=STANDALONE, state=CONNECTED, ok=true, minWireVersion=0, maxWireVersion=21, maxDocumentSize=16777216, logicalSessionTimeoutMinutes=30, roundTripTimeNanos=21844951}
2024-05-22 04:42:31 - INFO  - o.s.b.a.w.s.WelcomePageHandlerMapping - Adding welcome page template: index
2024-05-22 04:42:31 - INFO  - o.a.coyote.http11.Http11NioProtocol - Starting ProtocolHandler ["http-nio-8080"]
2024-05-22 04:42:31 - INFO  - o.s.b.w.e.tomcat.TomcatWebServer - Tomcat started on port 8080 (http) with context path ''
2024-05-22 04:42:31 - INFO  - fr.univrouen.cv24v1.Application - Started Application in 2.213 seconds (process running for 2.534)
2024-05-22 04:42:34 - INFO  - o.a.c.c.C.[Tomcat].[localhost].[/] - Initializing Spring DispatcherServlet 'dispatcherServlet'
2024-05-22 04:42:34 - INFO  - o.s.web.servlet.DispatcherServlet - Initializing Servlet 'dispatcherServlet'
2024-05-22 04:42:34 - INFO  - o.s.web.servlet.DispatcherServlet - Completed initialization in 2 ms
2024-05-22 04:42:42 - WARN  - o.t.s.p.AbstractStandardFragmentInsertionTagProcessor - [THYMELEAF][http-nio-8080-exec-6][index] Deprecated unwrapped fragment expression "fragments/navbar :: .navbar" found in template index, line 23, col 6. Please use the complete syntax of fragment expressions instead ("~{fragments/navbar :: .navbar}"). The old, unwrapped syntax for fragment expressions will be removed in future versions of Thymeleaf.
2024-05-22 04:43:11 - INFO  - fr.univrouen.cv24v1.Application - Starting Application using Java 17.0.10 with PID 29980 (/home/rayene/Documents/XMLProject/target/classes started by rayene in /home/rayene/Documents/XMLProject)
2024-05-22 04:43:11 - DEBUG - fr.univrouen.cv24v1.Application - Running with Spring Boot v3.2.3, Spring v6.1.4
2024-05-22 04:43:11 - INFO  - fr.univrouen.cv24v1.Application - No active profile set, falling back to 1 default profile: "default"
2024-05-22 04:43:12 - INFO  - o.s.d.r.c.RepositoryConfigurationDelegate - Bootstrapping Spring Data MongoDB repositories in DEFAULT mode.
2024-05-22 04:43:12 - INFO  - o.s.d.r.c.RepositoryConfigurationDelegate - Finished Spring Data repository scanning in 35 ms. Found 1 MongoDB repository interface.
2024-05-22 04:43:12 - INFO  - o.s.b.w.e.tomcat.TomcatWebServer - Tomcat initialized with port 8080 (http)
2024-05-22 04:43:12 - INFO  - o.a.coyote.http11.Http11NioProtocol - Initializing ProtocolHandler ["http-nio-8080"]
2024-05-22 04:43:12 - INFO  - o.a.catalina.core.StandardService - Starting service [Tomcat]
2024-05-22 04:43:12 - INFO  - o.a.catalina.core.StandardEngine - Starting Servlet engine: [Apache Tomcat/10.1.19]
2024-05-22 04:43:12 - INFO  - o.a.c.c.C.[Tomcat].[localhost].[/] - Initializing Spring embedded WebApplicationContext
2024-05-22 04:43:12 - INFO  - o.s.b.w.s.c.ServletWebServerApplicationContext - Root WebApplicationContext: initialization completed in 806 ms
2024-05-22 04:43:12 - INFO  - org.mongodb.driver.client - MongoClient with metadata {"driver": {"name": "mongo-java-driver|sync|spring-boot", "version": "4.11.1"}, "os": {"type": "Linux", "name": "Linux", "architecture": "amd64", "version": "6.5.0-35-generic"}, "platform": "Java/Oracle Corporation/17.0.10+11-LTS-240"} created with settings MongoClientSettings{readPreference=primary, writeConcern=WriteConcern{w=null, wTimeout=null ms, journal=null}, retryWrites=true, retryReads=true, readConcern=ReadConcern{level=null}, credential=null, transportSettings=null, streamFactoryFactory=null, commandListeners=[], codecRegistry=ProvidersCodecRegistry{codecProviders=[ValueCodecProvider{}, BsonValueCodecProvider{}, DBRefCodecProvider{}, DBObjectCodecProvider{}, DocumentCodecProvider{}, CollectionCodecProvider{}, IterableCodecProvider{}, MapCodecProvider{}, GeoJsonCodecProvider{}, GridFSFileCodecProvider{}, Jsr310CodecProvider{}, JsonObjectCodecProvider{}, BsonCodecProvider{}, EnumCodecProvider{}, com.mongodb.client.model.mql.ExpressionCodecProvider@1d06f16f, com.mongodb.Jep395RecordCodecProvider@4fa4f485, com.mongodb.KotlinCodecProvider@68dd39d2]}, loggerSettings=LoggerSettings{maxDocumentLength=1000}, clusterSettings={hosts=[localhost:27017], srvServiceName=mongodb, mode=SINGLE, requiredClusterType=UNKNOWN, requiredReplicaSetName='null', serverSelector='null', clusterListeners='[]', serverSelectionTimeout='30000 ms', localThreshold='15 ms'}, socketSettings=SocketSettings{connectTimeoutMS=10000, readTimeoutMS=0, receiveBufferSize=0, proxySettings=ProxySettings{host=null, port=null, username=null, password=null}}, heartbeatSocketSettings=SocketSettings{connectTimeoutMS=10000, readTimeoutMS=10000, receiveBufferSize=0, proxySettings=ProxySettings{host=null, port=null, username=null, password=null}}, connectionPoolSettings=ConnectionPoolSettings{maxSize=100, minSize=0, maxWaitTimeMS=120000, maxConnectionLifeTimeMS=0, maxConnectionIdleTimeMS=0, maintenanceInitialDelayMS=0, maintenanceFrequencyMS=60000, connectionPoolListeners=[], maxConnecting=2}, serverSettings=ServerSettings{heartbeatFrequencyMS=10000, minHeartbeatFrequencyMS=500, serverListeners='[]', serverMonitorListeners='[]'}, sslSettings=SslSettings{enabled=false, invalidHostNameAllowed=false, context=null}, applicationName='null', compressorList=[], uuidRepresentation=JAVA_LEGACY, serverApi=null, autoEncryptionSettings=null, dnsClient=null, inetAddressResolver=null, contextProvider=null}
2024-05-22 04:43:12 - INFO  - org.mongodb.driver.cluster - Monitor thread successfully connected to server with description ServerDescription{address=localhost:27017, type=STANDALONE, state=CONNECTED, ok=true, minWireVersion=0, maxWireVersion=21, maxDocumentSize=16777216, logicalSessionTimeoutMinutes=30, roundTripTimeNanos=15218800}
2024-05-22 04:43:12 - INFO  - o.s.b.a.w.s.WelcomePageHandlerMapping - Adding welcome page template: index
2024-05-22 04:43:13 - INFO  - o.a.coyote.http11.Http11NioProtocol - Starting ProtocolHandler ["http-nio-8080"]
2024-05-22 04:43:13 - INFO  - o.s.b.w.e.tomcat.TomcatWebServer - Tomcat started on port 8080 (http) with context path ''
2024-05-22 04:43:13 - INFO  - fr.univrouen.cv24v1.Application - Started Application in 1.866 seconds (process running for 2.112)
2024-05-22 04:43:17 - INFO  - o.a.c.c.C.[Tomcat].[localhost].[/] - Initializing Spring DispatcherServlet 'dispatcherServlet'
2024-05-22 04:43:17 - INFO  - o.s.web.servlet.DispatcherServlet - Initializing Servlet 'dispatcherServlet'
2024-05-22 04:43:17 - INFO  - o.s.web.servlet.DispatcherServlet - Completed initialization in 1 ms
2024-05-22 04:43:22 - WARN  - o.t.s.p.AbstractStandardFragmentInsertionTagProcessor - [THYMELEAF][http-nio-8080-exec-3][aide] Deprecated unwrapped fragment expression "fragments/navbar :: .navbar" found in template aide, line 32, col 6. Please use the complete syntax of fragment expressions instead ("~{fragments/navbar :: .navbar}"). The old, unwrapped syntax for fragment expressions will be removed in future versions of Thymeleaf.
2024-05-22 04:43:24 - WARN  - o.t.s.p.AbstractStandardFragmentInsertionTagProcessor - [THYMELEAF][http-nio-8080-exec-5][index] Deprecated unwrapped fragment expression "fragments/navbar :: .navbar" found in template index, line 23, col 6. Please use the complete syntax of fragment expressions instead ("~{fragments/navbar :: .navbar}"). The old, unwrapped syntax for fragment expressions will be removed in future versions of Thymeleaf.
2024-05-22 04:43:32 - WARN  - o.t.s.p.AbstractStandardFragmentInsertionTagProcessor - [THYMELEAF][http-nio-8080-exec-10][index] Deprecated unwrapped fragment expression "fragments/navbar :: .navbar" found in template index, line 23, col 6. Please use the complete syntax of fragment expressions instead ("~{fragments/navbar :: .navbar}"). The old, unwrapped syntax for fragment expressions will be removed in future versions of Thymeleaf.
2024-05-22 04:43:33 - WARN  - o.t.s.p.AbstractStandardFragmentInsertionTagProcessor - [THYMELEAF][http-nio-8080-exec-1][aide] Deprecated unwrapped fragment expression "fragments/navbar :: .navbar" found in template aide, line 32, col 6. Please use the complete syntax of fragment expressions instead ("~{fragments/navbar :: .navbar}"). The old, unwrapped syntax for fragment expressions will be removed in future versions of Thymeleaf.
2024-05-22 04:44:47 - WARN  - o.t.s.p.AbstractStandardFragmentInsertionTagProcessor - [THYMELEAF][http-nio-8080-exec-5][aide] Deprecated unwrapped fragment expression "fragments/navbar :: .navbar" found in template aide, line 32, col 6. Please use the complete syntax of fragment expressions instead ("~{fragments/navbar :: .navbar}"). The old, unwrapped syntax for fragment expressions will be removed in future versions of Thymeleaf.
2024-05-22 04:44:49 - WARN  - o.t.s.p.AbstractStandardFragmentInsertionTagProcessor - [THYMELEAF][http-nio-8080-exec-8][index] Deprecated unwrapped fragment expression "fragments/navbar :: .navbar" found in template index, line 23, col 6. Please use the complete syntax of fragment expressions instead ("~{fragments/navbar :: .navbar}"). The old, unwrapped syntax for fragment expressions will be removed in future versions of Thymeleaf.
2024-05-22 04:44:51 - WARN  - o.t.s.p.AbstractStandardFragmentInsertionTagProcessor - [THYMELEAF][http-nio-8080-exec-9][index] Deprecated unwrapped fragment expression "fragments/navbar :: .navbar" found in template index, line 23, col 6. Please use the complete syntax of fragment expressions instead ("~{fragments/navbar :: .navbar}"). The old, unwrapped syntax for fragment expressions will be removed in future versions of Thymeleaf.
2024-05-22 04:44:52 - WARN  - o.t.s.p.AbstractStandardFragmentInsertionTagProcessor - [THYMELEAF][http-nio-8080-exec-1][aide] Deprecated unwrapped fragment expression "fragments/navbar :: .navbar" found in template aide, line 32, col 6. Please use the complete syntax of fragment expressions instead ("~{fragments/navbar :: .navbar}"). The old, unwrapped syntax for fragment expressions will be removed in future versions of Thymeleaf.
2024-05-22 04:44:55 - WARN  - o.t.s.p.AbstractStandardFragmentInsertionTagProcessor - [THYMELEAF][http-nio-8080-exec-3][index] Deprecated unwrapped fragment expression "fragments/navbar :: .navbar" found in template index, line 23, col 6. Please use the complete syntax of fragment expressions instead ("~{fragments/navbar :: .navbar}"). The old, unwrapped syntax for fragment expressions will be removed in future versions of Thymeleaf.
2024-05-22 04:44:56 - WARN  - o.t.s.p.AbstractStandardFragmentInsertionTagProcessor - [THYMELEAF][http-nio-8080-exec-5][aide] Deprecated unwrapped fragment expression "fragments/navbar :: .navbar" found in template aide, line 32, col 6. Please use the complete syntax of fragment expressions instead ("~{fragments/navbar :: .navbar}"). The old, unwrapped syntax for fragment expressions will be removed in future versions of Thymeleaf.
2024-05-22 04:44:58 - WARN  - o.t.s.p.AbstractStandardFragmentInsertionTagProcessor - [THYMELEAF][http-nio-8080-exec-7][index] Deprecated unwrapped fragment expression "fragments/navbar :: .navbar" found in template index, line 23, col 6. Please use the complete syntax of fragment expressions instead ("~{fragments/navbar :: .navbar}"). The old, unwrapped syntax for fragment expressions will be removed in future versions of Thymeleaf.
2024-05-22 04:44:59 - WARN  - o.t.s.p.AbstractStandardFragmentInsertionTagProcessor - [THYMELEAF][http-nio-8080-exec-8][aide] Deprecated unwrapped fragment expression "fragments/navbar :: .navbar" found in template aide, line 32, col 6. Please use the complete syntax of fragment expressions instead ("~{fragments/navbar :: .navbar}"). The old, unwrapped syntax for fragment expressions will be removed in future versions of Thymeleaf.
2024-05-22 04:45:01 - WARN  - o.t.s.p.AbstractStandardFragmentInsertionTagProcessor - [THYMELEAF][http-nio-8080-exec-10][aide] Deprecated unwrapped fragment expression "fragments/navbar :: .navbar" found in template aide, line 32, col 6. Please use the complete syntax of fragment expressions instead ("~{fragments/navbar :: .navbar}"). The old, unwrapped syntax for fragment expressions will be removed in future versions of Thymeleaf.
2024-05-22 04:45:02 - WARN  - o.t.s.p.AbstractStandardFragmentInsertionTagProcessor - [THYMELEAF][http-nio-8080-exec-2][index] Deprecated unwrapped fragment expression "fragments/navbar :: .navbar" found in template index, line 23, col 6. Please use the complete syntax of fragment expressions instead ("~{fragments/navbar :: .navbar}"). The old, unwrapped syntax for fragment expressions will be removed in future versions of Thymeleaf.
2024-05-22 04:45:03 - WARN  - o.t.s.p.AbstractStandardFragmentInsertionTagProcessor - [THYMELEAF][http-nio-8080-exec-3][index] Deprecated unwrapped fragment expression "fragments/navbar :: .navbar" found in template index, line 23, col 6. Please use the complete syntax of fragment expressions instead ("~{fragments/navbar :: .navbar}"). The old, unwrapped syntax for fragment expressions will be removed in future versions of Thymeleaf.
2024-05-22 04:45:04 - WARN  - o.t.s.p.AbstractStandardFragmentInsertionTagProcessor - [THYMELEAF][http-nio-8080-exec-5][aide] Deprecated unwrapped fragment expression "fragments/navbar :: .navbar" found in template aide, line 32, col 6. Please use the complete syntax of fragment expressions instead ("~{fragments/navbar :: .navbar}"). The old, unwrapped syntax for fragment expressions will be removed in future versions of Thymeleaf.
2024-05-22 04:45:06 - WARN  - o.t.s.p.AbstractStandardFragmentInsertionTagProcessor - [THYMELEAF][http-nio-8080-exec-6][index] Deprecated unwrapped fragment expression "fragments/navbar :: .navbar" found in template index, line 23, col 6. Please use the complete syntax of fragment expressions instead ("~{fragments/navbar :: .navbar}"). The old, unwrapped syntax for fragment expressions will be removed in future versions of Thymeleaf.
2024-05-22 04:46:07 - INFO  - fr.univrouen.cv24v1.Application - Starting Application using Java 17.0.10 with PID 30186 (/home/rayene/Documents/XMLProject/target/classes started by rayene in /home/rayene/Documents/XMLProject)
2024-05-22 04:46:07 - DEBUG - fr.univrouen.cv24v1.Application - Running with Spring Boot v3.2.3, Spring v6.1.4
2024-05-22 04:46:07 - INFO  - fr.univrouen.cv24v1.Application - No active profile set, falling back to 1 default profile: "default"
2024-05-22 04:46:08 - INFO  - o.s.d.r.c.RepositoryConfigurationDelegate - Bootstrapping Spring Data MongoDB repositories in DEFAULT mode.
2024-05-22 04:46:08 - INFO  - o.s.d.r.c.RepositoryConfigurationDelegate - Finished Spring Data repository scanning in 34 ms. Found 1 MongoDB repository interface.
2024-05-22 04:46:08 - INFO  - o.s.b.w.e.tomcat.TomcatWebServer - Tomcat initialized with port 8080 (http)
2024-05-22 04:46:08 - INFO  - o.a.coyote.http11.Http11NioProtocol - Initializing ProtocolHandler ["http-nio-8080"]
2024-05-22 04:46:08 - INFO  - o.a.catalina.core.StandardService - Starting service [Tomcat]
2024-05-22 04:46:08 - INFO  - o.a.catalina.core.StandardEngine - Starting Servlet engine: [Apache Tomcat/10.1.19]
2024-05-22 04:46:08 - INFO  - o.a.c.c.C.[Tomcat].[localhost].[/] - Initializing Spring embedded WebApplicationContext
2024-05-22 04:46:08 - INFO  - o.s.b.w.s.c.ServletWebServerApplicationContext - Root WebApplicationContext: initialization completed in 809 ms
2024-05-22 04:46:08 - INFO  - org.mongodb.driver.client - MongoClient with metadata {"driver": {"name": "mongo-java-driver|sync|spring-boot", "version": "4.11.1"}, "os": {"type": "Linux", "name": "Linux", "architecture": "amd64", "version": "6.5.0-35-generic"}, "platform": "Java/Oracle Corporation/17.0.10+11-LTS-240"} created with settings MongoClientSettings{readPreference=primary, writeConcern=WriteConcern{w=null, wTimeout=null ms, journal=null}, retryWrites=true, retryReads=true, readConcern=ReadConcern{level=null}, credential=null, transportSettings=null, streamFactoryFactory=null, commandListeners=[], codecRegistry=ProvidersCodecRegistry{codecProviders=[ValueCodecProvider{}, BsonValueCodecProvider{}, DBRefCodecProvider{}, DBObjectCodecProvider{}, DocumentCodecProvider{}, CollectionCodecProvider{}, IterableCodecProvider{}, MapCodecProvider{}, GeoJsonCodecProvider{}, GridFSFileCodecProvider{}, Jsr310CodecProvider{}, JsonObjectCodecProvider{}, BsonCodecProvider{}, EnumCodecProvider{}, com.mongodb.client.model.mql.ExpressionCodecProvider@80b122b, com.mongodb.Jep395RecordCodecProvider@999b951, com.mongodb.KotlinCodecProvider@65cf4d6d]}, loggerSettings=LoggerSettings{maxDocumentLength=1000}, clusterSettings={hosts=[localhost:27017], srvServiceName=mongodb, mode=SINGLE, requiredClusterType=UNKNOWN, requiredReplicaSetName='null', serverSelector='null', clusterListeners='[]', serverSelectionTimeout='30000 ms', localThreshold='15 ms'}, socketSettings=SocketSettings{connectTimeoutMS=10000, readTimeoutMS=0, receiveBufferSize=0, proxySettings=ProxySettings{host=null, port=null, username=null, password=null}}, heartbeatSocketSettings=SocketSettings{connectTimeoutMS=10000, readTimeoutMS=10000, receiveBufferSize=0, proxySettings=ProxySettings{host=null, port=null, username=null, password=null}}, connectionPoolSettings=ConnectionPoolSettings{maxSize=100, minSize=0, maxWaitTimeMS=120000, maxConnectionLifeTimeMS=0, maxConnectionIdleTimeMS=0, maintenanceInitialDelayMS=0, maintenanceFrequencyMS=60000, connectionPoolListeners=[], maxConnecting=2}, serverSettings=ServerSettings{heartbeatFrequencyMS=10000, minHeartbeatFrequencyMS=500, serverListeners='[]', serverMonitorListeners='[]'}, sslSettings=SslSettings{enabled=false, invalidHostNameAllowed=false, context=null}, applicationName='null', compressorList=[], uuidRepresentation=JAVA_LEGACY, serverApi=null, autoEncryptionSettings=null, dnsClient=null, inetAddressResolver=null, contextProvider=null}
2024-05-22 04:46:08 - INFO  - org.mongodb.driver.cluster - Monitor thread successfully connected to server with description ServerDescription{address=localhost:27017, type=STANDALONE, state=CONNECTED, ok=true, minWireVersion=0, maxWireVersion=21, maxDocumentSize=16777216, logicalSessionTimeoutMinutes=30, roundTripTimeNanos=16695978}
2024-05-22 04:46:08 - INFO  - o.s.b.a.w.s.WelcomePageHandlerMapping - Adding welcome page template: index
2024-05-22 04:46:08 - INFO  - o.a.coyote.http11.Http11NioProtocol - Starting ProtocolHandler ["http-nio-8080"]
2024-05-22 04:46:09 - INFO  - o.s.b.w.e.tomcat.TomcatWebServer - Tomcat started on port 8080 (http) with context path ''
2024-05-22 04:46:09 - INFO  - fr.univrouen.cv24v1.Application - Started Application in 1.86 seconds (process running for 2.093)
2024-05-22 04:46:13 - INFO  - o.a.c.c.C.[Tomcat].[localhost].[/] - Initializing Spring DispatcherServlet 'dispatcherServlet'
2024-05-22 04:46:13 - INFO  - o.s.web.servlet.DispatcherServlet - Initializing Servlet 'dispatcherServlet'
2024-05-22 04:46:13 - INFO  - o.s.web.servlet.DispatcherServlet - Completed initialization in 1 ms
2024-05-22 04:46:14 - WARN  - o.t.s.p.AbstractStandardFragmentInsertionTagProcessor - [THYMELEAF][http-nio-8080-exec-1][index] Deprecated unwrapped fragment expression "fragments/navbar :: .navbar" found in template index, line 23, col 6. Please use the complete syntax of fragment expressions instead ("~{fragments/navbar :: .navbar}"). The old, unwrapped syntax for fragment expressions will be removed in future versions of Thymeleaf.
2024-05-22 04:46:14 - WARN  - o.t.s.p.AbstractStandardFragmentInsertionTagProcessor - [THYMELEAF][http-nio-8080-exec-3][aide] Deprecated unwrapped fragment expression "fragments/navbar :: .navbar" found in template aide, line 32, col 6. Please use the complete syntax of fragment expressions instead ("~{fragments/navbar :: .navbar}"). The old, unwrapped syntax for fragment expressions will be removed in future versions of Thymeleaf.
2024-05-22 04:46:17 - WARN  - o.t.s.p.AbstractStandardFragmentInsertionTagProcessor - [THYMELEAF][http-nio-8080-exec-4][index] Deprecated unwrapped fragment expression "fragments/navbar :: .navbar" found in template index, line 23, col 6. Please use the complete syntax of fragment expressions instead ("~{fragments/navbar :: .navbar}"). The old, unwrapped syntax for fragment expressions will be removed in future versions of Thymeleaf.
2024-05-22 04:46:32 - WARN  - o.t.s.p.AbstractStandardFragmentInsertionTagProcessor - [THYMELEAF][http-nio-8080-exec-10][aide] Deprecated unwrapped fragment expression "fragments/navbar :: .navbar" found in template aide, line 32, col 6. Please use the complete syntax of fragment expressions instead ("~{fragments/navbar :: .navbar}"). The old, unwrapped syntax for fragment expressions will be removed in future versions of Thymeleaf.
2024-05-22 04:46:33 - WARN  - o.t.s.p.AbstractStandardFragmentInsertionTagProcessor - [THYMELEAF][http-nio-8080-exec-1][index] Deprecated unwrapped fragment expression "fragments/navbar :: .navbar" found in template index, line 23, col 6. Please use the complete syntax of fragment expressions instead ("~{fragments/navbar :: .navbar}"). The old, unwrapped syntax for fragment expressions will be removed in future versions of Thymeleaf.
2024-05-22 04:46:35 - WARN  - o.t.s.p.AbstractStandardFragmentInsertionTagProcessor - [THYMELEAF][http-nio-8080-exec-3][aide] Deprecated unwrapped fragment expression "fragments/navbar :: .navbar" found in template aide, line 32, col 6. Please use the complete syntax of fragment expressions instead ("~{fragments/navbar :: .navbar}"). The old, unwrapped syntax for fragment expressions will be removed in future versions of Thymeleaf.
2024-05-22 04:46:49 - INFO  - fr.univrouen.cv24v1.Application - Starting Application using Java 17.0.10 with PID 30330 (/home/rayene/Documents/XMLProject/target/classes started by rayene in /home/rayene/Documents/XMLProject)
2024-05-22 04:46:49 - DEBUG - fr.univrouen.cv24v1.Application - Running with Spring Boot v3.2.3, Spring v6.1.4
2024-05-22 04:46:49 - INFO  - fr.univrouen.cv24v1.Application - No active profile set, falling back to 1 default profile: "default"
2024-05-22 04:46:49 - INFO  - o.s.d.r.c.RepositoryConfigurationDelegate - Bootstrapping Spring Data MongoDB repositories in DEFAULT mode.
2024-05-22 04:46:49 - INFO  - o.s.d.r.c.RepositoryConfigurationDelegate - Finished Spring Data repository scanning in 36 ms. Found 1 MongoDB repository interface.
2024-05-22 04:46:49 - INFO  - o.s.b.w.e.tomcat.TomcatWebServer - Tomcat initialized with port 8080 (http)
2024-05-22 04:46:49 - INFO  - o.a.coyote.http11.Http11NioProtocol - Initializing ProtocolHandler ["http-nio-8080"]
2024-05-22 04:46:49 - INFO  - o.a.catalina.core.StandardService - Starting service [Tomcat]
2024-05-22 04:46:49 - INFO  - o.a.catalina.core.StandardEngine - Starting Servlet engine: [Apache Tomcat/10.1.19]
2024-05-22 04:46:49 - INFO  - o.a.c.c.C.[Tomcat].[localhost].[/] - Initializing Spring embedded WebApplicationContext
2024-05-22 04:46:49 - INFO  - o.s.b.w.s.c.ServletWebServerApplicationContext - Root WebApplicationContext: initialization completed in 809 ms
2024-05-22 04:46:50 - INFO  - org.mongodb.driver.client - MongoClient with metadata {"driver": {"name": "mongo-java-driver|sync|spring-boot", "version": "4.11.1"}, "os": {"type": "Linux", "name": "Linux", "architecture": "amd64", "version": "6.5.0-35-generic"}, "platform": "Java/Oracle Corporation/17.0.10+11-LTS-240"} created with settings MongoClientSettings{readPreference=primary, writeConcern=WriteConcern{w=null, wTimeout=null ms, journal=null}, retryWrites=true, retryReads=true, readConcern=ReadConcern{level=null}, credential=null, transportSettings=null, streamFactoryFactory=null, commandListeners=[], codecRegistry=ProvidersCodecRegistry{codecProviders=[ValueCodecProvider{}, BsonValueCodecProvider{}, DBRefCodecProvider{}, DBObjectCodecProvider{}, DocumentCodecProvider{}, CollectionCodecProvider{}, IterableCodecProvider{}, MapCodecProvider{}, GeoJsonCodecProvider{}, GridFSFileCodecProvider{}, Jsr310CodecProvider{}, JsonObjectCodecProvider{}, BsonCodecProvider{}, EnumCodecProvider{}, com.mongodb.client.model.mql.ExpressionCodecProvider@27a09971, com.mongodb.Jep395RecordCodecProvider@6215366a, com.mongodb.KotlinCodecProvider@46dcbeab]}, loggerSettings=LoggerSettings{maxDocumentLength=1000}, clusterSettings={hosts=[localhost:27017], srvServiceName=mongodb, mode=SINGLE, requiredClusterType=UNKNOWN, requiredReplicaSetName='null', serverSelector='null', clusterListeners='[]', serverSelectionTimeout='30000 ms', localThreshold='15 ms'}, socketSettings=SocketSettings{connectTimeoutMS=10000, readTimeoutMS=0, receiveBufferSize=0, proxySettings=ProxySettings{host=null, port=null, username=null, password=null}}, heartbeatSocketSettings=SocketSettings{connectTimeoutMS=10000, readTimeoutMS=10000, receiveBufferSize=0, proxySettings=ProxySettings{host=null, port=null, username=null, password=null}}, connectionPoolSettings=ConnectionPoolSettings{maxSize=100, minSize=0, maxWaitTimeMS=120000, maxConnectionLifeTimeMS=0, maxConnectionIdleTimeMS=0, maintenanceInitialDelayMS=0, maintenanceFrequencyMS=60000, connectionPoolListeners=[], maxConnecting=2}, serverSettings=ServerSettings{heartbeatFrequencyMS=10000, minHeartbeatFrequencyMS=500, serverListeners='[]', serverMonitorListeners='[]'}, sslSettings=SslSettings{enabled=false, invalidHostNameAllowed=false, context=null}, applicationName='null', compressorList=[], uuidRepresentation=JAVA_LEGACY, serverApi=null, autoEncryptionSettings=null, dnsClient=null, inetAddressResolver=null, contextProvider=null}
2024-05-22 04:46:50 - INFO  - org.mongodb.driver.cluster - Monitor thread successfully connected to server with description ServerDescription{address=localhost:27017, type=STANDALONE, state=CONNECTED, ok=true, minWireVersion=0, maxWireVersion=21, maxDocumentSize=16777216, logicalSessionTimeoutMinutes=30, roundTripTimeNanos=20454326}
2024-05-22 04:46:50 - INFO  - o.s.b.a.w.s.WelcomePageHandlerMapping - Adding welcome page template: index
2024-05-22 04:46:50 - INFO  - o.a.coyote.http11.Http11NioProtocol - Starting ProtocolHandler ["http-nio-8080"]
2024-05-22 04:46:50 - INFO  - o.s.b.w.e.tomcat.TomcatWebServer - Tomcat started on port 8080 (http) with context path ''
2024-05-22 04:46:50 - INFO  - fr.univrouen.cv24v1.Application - Started Application in 1.886 seconds (process running for 2.116)
2024-05-22 04:46:57 - INFO  - o.a.c.c.C.[Tomcat].[localhost].[/] - Initializing Spring DispatcherServlet 'dispatcherServlet'
2024-05-22 04:46:57 - INFO  - o.s.web.servlet.DispatcherServlet - Initializing Servlet 'dispatcherServlet'
2024-05-22 04:46:57 - INFO  - o.s.web.servlet.DispatcherServlet - Completed initialization in 1 ms
2024-05-22 04:46:58 - WARN  - o.t.s.p.AbstractStandardFragmentInsertionTagProcessor - [THYMELEAF][http-nio-8080-exec-1][aide] Deprecated unwrapped fragment expression "fragments/navbar :: .navbar" found in template aide, line 32, col 6. Please use the complete syntax of fragment expressions instead ("~{fragments/navbar :: .navbar}"). The old, unwrapped syntax for fragment expressions will be removed in future versions of Thymeleaf.
